<?xml version="1.0" encoding="UTF-8"?>
<testsuite xmlns:xsi="http://www.w3.org/2001/XMLSchema-instance" xsi:noNamespaceSchemaLocation="https://maven.apache.org/surefire/maven-surefire-plugin/xsd/surefire-test-report.xsd" version="3.0.2" name="serviceTests.OrderServiceTest" time="0.69" tests="2" errors="0" skipped="0" failures="0">
  <properties>
[...]
</properties>
  <testcase name="testCalculateOrder" classname="testCalculateOrder()" time="0.658"/>
  <testcase name="testSetOrderNumber" classname="testSetOrderNumber()" time="0.001"/>
</testsuite>